<?xml version="1.0" encoding="UTF-8"?>
<testng-results ignored="0" total="5" passed="5" failed="0" skipped="0">
  <reporter-output>
  </reporter-output>
  <suite started-at="2023-12-01T18:44:55 MSK" name="Surefire suite" finished-at="2023-12-01T18:45:14 MSK" duration-ms="19443">
    <groups>
    </groups>
    <test started-at="2023-12-01T18:44:55 MSK" name="Surefire test" finished-at="2023-12-01T18:45:14 MSK" duration-ms="19443">
      <class name="tpolab11.test.InfoAboutHeroTest">
        <test-method is-config="true" signature="setUp()[pri:0, instance:tpolab11.test.InfoAboutHeroTest@4a3329b9]" started-at="2023-12-01T18:45:10 MSK" name="setUp" finished-at="2023-12-01T18:45:12 MSK" duration-ms="1158" status="PASS">
          <reporter-output>
          </reporter-output>
        </test-method> <!-- setUp -->
        <test-method signature="CheckInfoAboutHeroes()[pri:0, instance:tpolab11.test.InfoAboutHeroTest@4a3329b9]" started-at="2023-12-01T18:45:12 MSK" name="CheckInfoAboutHeroes" finished-at="2023-12-01T18:45:14 MSK" duration-ms="2238" status="PASS">
          <reporter-output>
          </reporter-output>
        </test-method> <!-- CheckInfoAboutHeroes -->
        <test-method is-config="true" signature="stopBrowser()[pri:0, instance:tpolab11.test.InfoAboutHeroTest@4a3329b9]" started-at="2023-12-01T18:45:14 MSK" name="stopBrowser" finished-at="2023-12-01T18:45:14 MSK" duration-ms="188" status="PASS">
          <reporter-output>
          </reporter-output>
        </test-method> <!-- stopBrowser -->
      </class> <!-- tpolab11.test.InfoAboutHeroTest -->
      <class name="tpolab11.test.HeroesTest">
        <test-method is-config="true" signature="setUp()[pri:0, instance:tpolab11.test.HeroesTest@2b95e48b]" started-at="2023-12-01T18:45:07 MSK" name="setUp" finished-at="2023-12-01T18:45:08 MSK" duration-ms="1190" status="PASS">
          <reporter-output>
          </reporter-output>
        </test-method> <!-- setUp -->
        <test-method signature="isHeroesPageOpened()[pri:0, instance:tpolab11.test.HeroesTest@2b95e48b]" started-at="2023-12-01T18:45:08 MSK" name="isHeroesPageOpened" finished-at="2023-12-01T18:45:10 MSK" duration-ms="2029" status="PASS">
          <reporter-output>
          </reporter-output>
        </test-method> <!-- isHeroesPageOpened -->
        <test-method is-config="true" signature="stopBrowser()[pri:0, instance:tpolab11.test.HeroesTest@2b95e48b]" started-at="2023-12-01T18:45:10 MSK" name="stopBrowser" finished-at="2023-12-01T18:45:10 MSK" duration-ms="169" status="PASS">
          <reporter-output>
          </reporter-output>
        </test-method> <!-- stopBrowser -->
      </class> <!-- tpolab11.test.HeroesTest -->
      <class name="tpolab11.test.BackHomeTest">
        <test-method is-config="true" signature="setUp()[pri:0, instance:tpolab11.test.BackHomeTest@2e11485]" started-at="2023-12-01T18:44:55 MSK" name="setUp" finished-at="2023-12-01T18:44:56 MSK" duration-ms="1649" status="PASS">
          <reporter-output>
          </reporter-output>
        </test-method> <!-- setUp -->
        <test-method signature="isMainPageBackOpened()[pri:0, instance:tpolab11.test.BackHomeTest@2e11485]" started-at="2023-12-01T18:44:56 MSK" name="isMainPageBackOpened" finished-at="2023-12-01T18:44:59 MSK" duration-ms="2689" status="PASS">
          <reporter-output>
          </reporter-output>
        </test-method> <!-- isMainPageBackOpened -->
        <test-method is-config="true" signature="stopBrowser()[pri:0, instance:tpolab11.test.BackHomeTest@2e11485]" started-at="2023-12-01T18:44:59 MSK" name="stopBrowser" finished-at="2023-12-01T18:44:59 MSK" duration-ms="211" status="PASS">
          <reporter-output>
          </reporter-output>
        </test-method> <!-- stopBrowser -->
      </class> <!-- tpolab11.test.BackHomeTest -->
      <class name="tpolab11.test.FindMatchTest">
        <test-method is-config="true" signature="setUp()[pri:0, instance:tpolab11.test.FindMatchTest@3b220bcb]" started-at="2023-12-01T18:45:02 MSK" name="setUp" finished-at="2023-12-01T18:45:03 MSK" duration-ms="1104" status="PASS">
          <reporter-output>
          </reporter-output>
        </test-method> <!-- setUp -->
        <test-method signature="isTestFound()[pri:0, instance:tpolab11.test.FindMatchTest@3b220bcb]" started-at="2023-12-01T18:45:03 MSK" name="isTestFound" finished-at="2023-12-01T18:45:07 MSK" duration-ms="3630" status="PASS">
          <reporter-output>
          </reporter-output>
        </test-method> <!-- isTestFound -->
        <test-method is-config="true" signature="stopBrowser()[pri:0, instance:tpolab11.test.FindMatchTest@3b220bcb]" started-at="2023-12-01T18:45:07 MSK" name="stopBrowser" finished-at="2023-12-01T18:45:07 MSK" duration-ms="173" status="PASS">
          <reporter-output>
          </reporter-output>
        </test-method> <!-- stopBrowser -->
      </class> <!-- tpolab11.test.FindMatchTest -->
      <class name="tpolab11.test.BaseTest">
        <test-method is-config="true" signature="setUp()[pri:0, instance:tpolab11.test.BaseTest@16ecee1]" started-at="2023-12-01T18:44:59 MSK" name="setUp" finished-at="2023-12-01T18:45:00 MSK" duration-ms="1205" status="PASS">
          <reporter-output>
          </reporter-output>
        </test-method> <!-- setUp -->
        <test-method signature="isMainPageOpened()[pri:0, instance:tpolab11.test.BaseTest@16ecee1]" started-at="2023-12-01T18:45:00 MSK" name="isMainPageOpened" finished-at="2023-12-01T18:45:02 MSK" duration-ms="1502" status="PASS">
          <reporter-output>
          </reporter-output>
        </test-method> <!-- isMainPageOpened -->
        <test-method is-config="true" signature="stopBrowser()[pri:0, instance:tpolab11.test.BaseTest@16ecee1]" started-at="2023-12-01T18:45:02 MSK" name="stopBrowser" finished-at="2023-12-01T18:45:02 MSK" duration-ms="179" status="PASS">
          <reporter-output>
          </reporter-output>
        </test-method> <!-- stopBrowser -->
      </class> <!-- tpolab11.test.BaseTest -->
    </test> <!-- Surefire test -->
  </suite> <!-- Surefire suite -->
</testng-results>
