<?xml version="1.0" encoding="UTF-8"?>
<!-- Generated by org.testng.reporters.JUnitXMLReporter -->
<testsuite ignored="0" hostname="NIKITA" failures="0" tests="5" name="Surefire test" time="19.443" errors="0" timestamp="2023-12-01T18:45:14 MSK">
  <testcase classname="tpolab11.test.BackHomeTest" name="isMainPageBackOpened" time="2.689"/>
  <testcase classname="tpolab11.test.BaseTest" name="isMainPageOpened" time="1.502"/>
  <testcase classname="tpolab11.test.FindMatchTest" name="isTestFound" time="3.63"/>
  <testcase classname="tpolab11.test.HeroesTest" name="isHeroesPageOpened" time="2.029"/>
  <testcase classname="tpolab11.test.InfoAboutHeroTest" name="CheckInfoAboutHeroes" time="2.238"/>
</testsuite> <!-- Surefire test -->
