<?xml version="1.0" encoding="UTF-8"?>
<!-- Generated by org.testng.reporters.JUnitXMLReporter -->
<testsuite ignored="0" hostname="NIKITA" failures="0" tests="9" name="Surefire test" time="32.219" errors="0" timestamp="2023-12-01T19:35:39 MSK">
  <testcase classname="tpolab11.test.BackHomeTest" name="isMainPageBackOpened" time="2.511"/>
  <testcase classname="tpolab11.test.BaseTest" name="isMainPageOpened" time="1.452"/>
  <testcase classname="tpolab11.test.CheckMatchDetailsTest" name="isTestFound" time="3.59"/>
  <testcase classname="tpolab11.test.FindMatchTest" name="isTestFound" time="2.254"/>
  <testcase classname="tpolab11.test.FindPlayerTest" name="isPlayerFound" time="3.261"/>
  <testcase classname="tpolab11.test.HeroesTest" name="isHeroesPageOpened" time="1.616"/>
  <testcase classname="tpolab11.test.InfoAboutHeroTest" name="CheckInfoAboutHeroes" time="2.216"/>
  <testcase classname="tpolab11.test.OpenForumTest" name="isTestFound" time="1.74"/>
  <testcase classname="tpolab11.test.OpenTopicTest" name="isTestFound" time="1.95"/>
</testsuite> <!-- Surefire test -->
